<?xml version="1.0" encoding="UTF-8"?>
<testng-results ignored="0" total="10" passed="8" failed="1" skipped="1">
  <reporter-output>
  </reporter-output>
  <suite started-at="2022-07-18T10:39:40 EDT" name="Surefire suite" finished-at="2022-07-18T10:39:40 EDT" duration-ms="180">
    <groups>
      <group name="smoke">
        <method signature="Testing3.createUser()[pri:1, instance:tests.Testing3@7181ae3f]" name="createUser" class="tests.Testing3"/>
        <method signature="Testing1.test1()[pri:0, instance:tests.Testing1@6c9f5c0d]" name="test1" class="tests.Testing1"/>
        <method signature="Testing2.test4()[pri:0, instance:tests.Testing2@3bd94634]" name="test4" class="tests.Testing2"/>
      </group> <!-- smoke -->
      <group name="sanity">
        <method signature="Testing1.test1()[pri:0, instance:tests.Testing1@6c9f5c0d]" name="test1" class="tests.Testing1"/>
        <method signature="Testing2.test5()[pri:0, instance:tests.Testing2@3bd94634]" name="test5" class="tests.Testing2"/>
      </group> <!-- sanity -->
    </groups>
    <test started-at="2022-07-18T10:39:40 EDT" name="Surefire test" finished-at="2022-07-18T10:39:40 EDT" duration-ms="180">
      <class name="tests.Testing3">
        <test-method signature="createUser()[pri:1, instance:tests.Testing3@7181ae3f]" started-at="2022-07-18T10:39:40 EDT" name="createUser" finished-at="2022-07-18T10:39:40 EDT" duration-ms="7" status="PASS">
          <reporter-output>
          </reporter-output>
        </test-method> <!-- createUser -->
        <test-method signature="editUser()[pri:2, instance:tests.Testing3@7181ae3f]" started-at="2022-07-18T10:39:40 EDT" name="editUser" finished-at="2022-07-18T10:39:40 EDT" depends-on-methods="tests.Testing3.createUser" duration-ms="2" status="FAIL">
          <exception class="java.lang.AssertionError">
            <message>
              <![CDATA[The following asserts failed:
Verifying element expected [true] but found [false]]]>
            </message>
            <full-stacktrace>
              <![CDATA[java.lang.AssertionError: The following asserts failed:
Verifying element expected [true] but found [false]
at org.testng.asserts.SoftAssert.assertAll(SoftAssert.java:47)
at org.testng.asserts.SoftAssert.assertAll(SoftAssert.java:31)
at tests.Testing3.editUser(Testing3.java:28)
at java.base/jdk.internal.reflect.DirectMethodHandleAccessor.invoke(DirectMethodHandleAccessor.java:104)
at java.base/java.lang.reflect.Method.invoke(Method.java:577)
at org.testng.internal.MethodInvocationHelper.invokeMethod(MethodInvocationHelper.java:133)
at org.testng.internal.TestInvoker.invokeMethod(TestInvoker.java:598)
at org.testng.internal.TestInvoker.invokeTestMethod(TestInvoker.java:173)
at org.testng.internal.MethodRunner.runInSequence(MethodRunner.java:46)
at org.testng.internal.TestInvoker$MethodInvocationAgent.invoke(TestInvoker.java:824)
at org.testng.internal.TestInvoker.invokeTestMethods(TestInvoker.java:146)
at org.testng.internal.TestMethodWorker.invokeTestMethods(TestMethodWorker.java:146)
at org.testng.internal.TestMethodWorker.run(TestMethodWorker.java:128)
at java.base/java.util.ArrayList.forEach(ArrayList.java:1511)
at org.testng.TestRunner.privateRun(TestRunner.java:794)
at org.testng.TestRunner.run(TestRunner.java:596)
at org.testng.SuiteRunner.runTest(SuiteRunner.java:377)
at org.testng.SuiteRunner.runSequentially(SuiteRunner.java:371)
at org.testng.SuiteRunner.privateRun(SuiteRunner.java:332)
at org.testng.SuiteRunner.run(SuiteRunner.java:276)
at org.testng.SuiteRunnerWorker.runSuite(SuiteRunnerWorker.java:53)
at org.testng.SuiteRunnerWorker.run(SuiteRunnerWorker.java:96)
at org.testng.TestNG.runSuitesSequentially(TestNG.java:1212)
at org.testng.TestNG.runSuitesLocally(TestNG.java:1134)
at org.testng.TestNG.runSuites(TestNG.java:1063)
at org.testng.TestNG.run(TestNG.java:1031)
at org.apache.maven.surefire.testng.TestNGExecutor.run(TestNGExecutor.java:132)
at org.apache.maven.surefire.testng.TestNGDirectoryTestSuite.executeMulti(TestNGDirectoryTestSuite.java:193)
at org.apache.maven.surefire.testng.TestNGDirectoryTestSuite.execute(TestNGDirectoryTestSuite.java:94)
at org.apache.maven.surefire.testng.TestNGProvider.invoke(TestNGProvider.java:147)
at org.apache.maven.surefire.booter.ForkedBooter.invokeProviderInSameClassLoader(ForkedBooter.java:290)
at org.apache.maven.surefire.booter.ForkedBooter.runSuitesInProcess(ForkedBooter.java:242)
at org.apache.maven.surefire.booter.ForkedBooter.main(ForkedBooter.java:121)
]]>
            </full-stacktrace>
          </exception> <!-- java.lang.AssertionError -->
          <reporter-output>
          </reporter-output>
        </test-method> <!-- editUser -->
        <test-method signature="deleteUser()[pri:3, instance:tests.Testing3@7181ae3f]" started-at="2022-07-18T10:39:40 EDT" name="deleteUser" finished-at="2022-07-18T10:39:40 EDT" depends-on-methods="tests.Testing3.editUser" duration-ms="0" status="SKIP">
          <exception class="java.lang.Throwable">
            <message>
              <![CDATA[Method Testing3.deleteUser()[pri:3, instance:tests.Testing3@7181ae3f] depends on not successfully finished methods]]>
            </message>
            <full-stacktrace>
              <![CDATA[java.lang.Throwable: Method Testing3.deleteUser()[pri:3, instance:tests.Testing3@7181ae3f] depends on not successfully finished methods
at org.testng.internal.TestInvoker.invokeTestMethods(TestInvoker.java:102)
at org.testng.internal.TestMethodWorker.invokeTestMethods(TestMethodWorker.java:146)
at org.testng.internal.TestMethodWorker.run(TestMethodWorker.java:128)
at java.base/java.util.ArrayList.forEach(ArrayList.java:1511)
at org.testng.TestRunner.privateRun(TestRunner.java:794)
at org.testng.TestRunner.run(TestRunner.java:596)
at org.testng.SuiteRunner.runTest(SuiteRunner.java:377)
at org.testng.SuiteRunner.runSequentially(SuiteRunner.java:371)
at org.testng.SuiteRunner.privateRun(SuiteRunner.java:332)
at org.testng.SuiteRunner.run(SuiteRunner.java:276)
at org.testng.SuiteRunnerWorker.runSuite(SuiteRunnerWorker.java:53)
at org.testng.SuiteRunnerWorker.run(SuiteRunnerWorker.java:96)
at org.testng.TestNG.runSuitesSequentially(TestNG.java:1212)
at org.testng.TestNG.runSuitesLocally(TestNG.java:1134)
at org.testng.TestNG.runSuites(TestNG.java:1063)
at org.testng.TestNG.run(TestNG.java:1031)
at org.apache.maven.surefire.testng.TestNGExecutor.run(TestNGExecutor.java:132)
at org.apache.maven.surefire.testng.TestNGDirectoryTestSuite.executeMulti(TestNGDirectoryTestSuite.java:193)
at org.apache.maven.surefire.testng.TestNGDirectoryTestSuite.execute(TestNGDirectoryTestSuite.java:94)
at org.apache.maven.surefire.testng.TestNGProvider.invoke(TestNGProvider.java:147)
at org.apache.maven.surefire.booter.ForkedBooter.invokeProviderInSameClassLoader(ForkedBooter.java:290)
at org.apache.maven.surefire.booter.ForkedBooter.runSuitesInProcess(ForkedBooter.java:242)
at org.apache.maven.surefire.booter.ForkedBooter.main(ForkedBooter.java:121)
]]>
            </full-stacktrace>
          </exception> <!-- java.lang.Throwable -->
          <reporter-output>
          </reporter-output>
        </test-method> <!-- deleteUser -->
      </class> <!-- tests.Testing3 -->
      <class name="tests.Testing1">
        <test-method is-config="true" signature="beforeSuite()[pri:0, instance:tests.Testing1@6c9f5c0d]" started-at="2022-07-18T10:39:40 EDT" name="beforeSuite" finished-at="2022-07-18T10:39:40 EDT" duration-ms="12" status="PASS">
          <reporter-output>
          </reporter-output>
        </test-method> <!-- beforeSuite -->
        <test-method is-config="true" signature="beforeTest()[pri:0, instance:tests.Testing1@6c9f5c0d]" started-at="2022-07-18T10:39:40 EDT" name="beforeTest" finished-at="2022-07-18T10:39:40 EDT" duration-ms="1" status="PASS">
          <reporter-output>
          </reporter-output>
        </test-method> <!-- beforeTest -->
        <test-method is-config="true" signature="beforeClass()[pri:0, instance:tests.Testing1@6c9f5c0d]" started-at="2022-07-18T10:39:40 EDT" name="beforeClass" finished-at="2022-07-18T10:39:40 EDT" duration-ms="1" status="PASS">
          <reporter-output>
          </reporter-output>
        </test-method> <!-- beforeClass -->
        <test-method is-config="true" signature="beforeMethod()[pri:0, instance:tests.Testing1@6c9f5c0d]" started-at="2022-07-18T10:39:40 EDT" name="beforeMethod" finished-at="2022-07-18T10:39:40 EDT" duration-ms="4" status="PASS">
          <reporter-output>
          </reporter-output>
        </test-method> <!-- beforeMethod -->
        <test-method signature="f(java.lang.Integer,java.lang.String)[pri:0, instance:tests.Testing1@6c9f5c0d]" started-at="2022-07-18T10:39:40 EDT" name="f" data-provider="dp" finished-at="2022-07-18T10:39:40 EDT" duration-ms="6" status="PASS">
          <params>
            <param index="0">
              <value>
                <![CDATA[1]]>
              </value>
            </param>
            <param index="1">
              <value>
                <![CDATA[a]]>
              </value>
            </param>
          </params>
          <reporter-output>
          </reporter-output>
        </test-method> <!-- f -->
        <test-method is-config="true" signature="afterMethod()[pri:0, instance:tests.Testing1@6c9f5c0d]" started-at="2022-07-18T10:39:40 EDT" name="afterMethod" finished-at="2022-07-18T10:39:40 EDT" duration-ms="5" status="PASS">
          <reporter-output>
          </reporter-output>
        </test-method> <!-- afterMethod -->
        <test-method is-config="true" signature="beforeMethod()[pri:0, instance:tests.Testing1@6c9f5c0d]" started-at="2022-07-18T10:39:40 EDT" name="beforeMethod" finished-at="2022-07-18T10:39:40 EDT" duration-ms="2" status="PASS">
          <reporter-output>
          </reporter-output>
        </test-method> <!-- beforeMethod -->
        <test-method signature="f(java.lang.Integer,java.lang.String)[pri:0, instance:tests.Testing1@6c9f5c0d]" started-at="2022-07-18T10:39:40 EDT" name="f" data-provider="dp" finished-at="2022-07-18T10:39:40 EDT" duration-ms="1" status="PASS">
          <params>
            <param index="0">
              <value>
                <![CDATA[2]]>
              </value>
            </param>
            <param index="1">
              <value>
                <![CDATA[b]]>
              </value>
            </param>
          </params>
          <reporter-output>
          </reporter-output>
        </test-method> <!-- f -->
        <test-method is-config="true" signature="afterMethod()[pri:0, instance:tests.Testing1@6c9f5c0d]" started-at="2022-07-18T10:39:40 EDT" name="afterMethod" finished-at="2022-07-18T10:39:40 EDT" duration-ms="1" status="PASS">
          <reporter-output>
          </reporter-output>
        </test-method> <!-- afterMethod -->
        <test-method is-config="true" signature="beforeMethod()[pri:0, instance:tests.Testing1@6c9f5c0d]" started-at="2022-07-18T10:39:40 EDT" name="beforeMethod" finished-at="2022-07-18T10:39:40 EDT" duration-ms="1" status="PASS">
          <reporter-output>
          </reporter-output>
        </test-method> <!-- beforeMethod -->
        <test-method signature="test1()[pri:0, instance:tests.Testing1@6c9f5c0d]" started-at="2022-07-18T10:39:40 EDT" name="test1" finished-at="2022-07-18T10:39:40 EDT" duration-ms="1" status="PASS">
          <reporter-output>
          </reporter-output>
        </test-method> <!-- test1 -->
        <test-method is-config="true" signature="afterMethod()[pri:0, instance:tests.Testing1@6c9f5c0d]" started-at="2022-07-18T10:39:40 EDT" name="afterMethod" finished-at="2022-07-18T10:39:40 EDT" duration-ms="0" status="PASS">
          <reporter-output>
          </reporter-output>
        </test-method> <!-- afterMethod -->
        <test-method is-config="true" signature="beforeMethod()[pri:0, instance:tests.Testing1@6c9f5c0d]" started-at="2022-07-18T10:39:40 EDT" name="beforeMethod" finished-at="2022-07-18T10:39:40 EDT" duration-ms="1" status="PASS">
          <reporter-output>
          </reporter-output>
        </test-method> <!-- beforeMethod -->
        <test-method signature="test2()[pri:0, instance:tests.Testing1@6c9f5c0d]" started-at="2022-07-18T10:39:40 EDT" name="test2" finished-at="2022-07-18T10:39:40 EDT" duration-ms="1" status="PASS">
          <reporter-output>
          </reporter-output>
        </test-method> <!-- test2 -->
        <test-method is-config="true" signature="afterMethod()[pri:0, instance:tests.Testing1@6c9f5c0d]" started-at="2022-07-18T10:39:40 EDT" name="afterMethod" finished-at="2022-07-18T10:39:40 EDT" duration-ms="0" status="PASS">
          <reporter-output>
          </reporter-output>
        </test-method> <!-- afterMethod -->
        <test-method is-config="true" signature="beforeMethod()[pri:0, instance:tests.Testing1@6c9f5c0d]" started-at="2022-07-18T10:39:40 EDT" name="beforeMethod" finished-at="2022-07-18T10:39:40 EDT" duration-ms="0" status="PASS">
          <reporter-output>
          </reporter-output>
        </test-method> <!-- beforeMethod -->
        <test-method signature="test3()[pri:0, instance:tests.Testing1@6c9f5c0d]" started-at="2022-07-18T10:39:40 EDT" name="test3" finished-at="2022-07-18T10:39:40 EDT" duration-ms="1" status="PASS">
          <reporter-output>
          </reporter-output>
        </test-method> <!-- test3 -->
        <test-method is-config="true" signature="afterMethod()[pri:0, instance:tests.Testing1@6c9f5c0d]" started-at="2022-07-18T10:39:40 EDT" name="afterMethod" finished-at="2022-07-18T10:39:40 EDT" duration-ms="0" status="PASS">
          <reporter-output>
          </reporter-output>
        </test-method> <!-- afterMethod -->
        <test-method is-config="true" signature="afterClass()[pri:0, instance:tests.Testing1@6c9f5c0d]" started-at="2022-07-18T10:39:40 EDT" name="afterClass" finished-at="2022-07-18T10:39:40 EDT" duration-ms="4" status="PASS">
          <reporter-output>
          </reporter-output>
        </test-method> <!-- afterClass -->
        <test-method is-config="true" signature="afterTest()[pri:0, instance:tests.Testing1@6c9f5c0d]" started-at="2022-07-18T10:39:40 EDT" name="afterTest" finished-at="2022-07-18T10:39:40 EDT" duration-ms="1" status="PASS">
          <reporter-output>
          </reporter-output>
        </test-method> <!-- afterTest -->
        <test-method is-config="true" signature="afterSuite()[pri:0, instance:tests.Testing1@6c9f5c0d]" started-at="2022-07-18T10:39:40 EDT" name="afterSuite" finished-at="2022-07-18T10:39:40 EDT" duration-ms="0" status="PASS">
          <reporter-output>
          </reporter-output>
        </test-method> <!-- afterSuite -->
      </class> <!-- tests.Testing1 -->
      <class name="tests.Testing2">
        <test-method signature="test4()[pri:0, instance:tests.Testing2@3bd94634]" started-at="2022-07-18T10:39:40 EDT" name="test4" finished-at="2022-07-18T10:39:40 EDT" duration-ms="2" status="PASS">
          <reporter-output>
          </reporter-output>
        </test-method> <!-- test4 -->
        <test-method signature="test5()[pri:0, instance:tests.Testing2@3bd94634]" started-at="2022-07-18T10:39:40 EDT" name="test5" finished-at="2022-07-18T10:39:40 EDT" duration-ms="1" status="PASS">
          <reporter-output>
          </reporter-output>
        </test-method> <!-- test5 -->
      </class> <!-- tests.Testing2 -->
    </test> <!-- Surefire test -->
  </suite> <!-- Surefire suite -->
</testng-results>
